<?xml version="1.0" encoding="UTF-8"?>
<!-- Generated by org.testng.reporters.JUnitXMLReporter -->
<testsuite ignored="0" hostname="DESKTOP-IEAQH0E" failures="0" tests="9" name="Test" time="122.737" errors="0" timestamp="2026-02-28T16:49:56 IST">
  <testcase classname="tests.Projects" name="createIssues" time="12.186"/>
  <testcase classname="tests.Projects" name="createIssues" time="3.698"/>
  <testcase classname="tests.Projects" name="createProjWithOptionalFields" time="2.062"/>
  <testcase classname="tests.Projects" name="createProjWithOptionalFields" time="2.848"/>
  <testcase classname="tests.Projects" name="createProjectWithName" time="1.28"/>
  <testcase classname="tests.Projects" name="createProjectWithName" time="1.446"/>
  <testcase classname="tests.Projects" name="postTimeSpent" time="4.487"/>
  <testcase classname="tests.Projects" name="postTimeSpent" time="3.764"/>
  <testcase classname="tests.Projects" name="postTimeSpent" time="4.886"/>
</testsuite> <!-- Test -->
