<?xml version="1.0" encoding="UTF-8"?>
<!-- Generated by org.testng.reporters.JUnitXMLReporter -->
<testsuite ignored="2" hostname="DESKTOP-IEAQH0E" failures="0" tests="2" name="Test" time="42.104" errors="0" timestamp="2026-02-12T17:21:02 IST">
  <testcase classname="tests.Projects" name="createIssues" time="11.306"/>
  <testcase classname="tests.Projects" name="createIssues" time="6.159"/>
  <testcase classname="tests.Projects" name="createProjWithOptionalFields" time="0.0">
    <ignored/>
  </testcase> <!-- createProjWithOptionalFields -->
  <testcase classname="tests.Projects" name="createProjectWithName" time="0.0">
    <ignored/>
  </testcase> <!-- createProjectWithName -->
</testsuite> <!-- Test -->
