<?xml version="1.0" encoding="UTF-8"?>
<testng-results ignored="0" total="9" passed="9" failed="0" skipped="0">
  <reporter-output>
    <line>
      <![CDATA[Project Name is invalid: DocID1]]>
    </line>
    <line>
      <![CDATA[As this is an optional field, continuing with the Project creation assuming this as bad data]]>
    </line>
  </reporter-output>
  <suite started-at="2026-03-10T10:31:15 IST" name="Suite" finished-at="2026-03-10T10:33:27 IST" duration-ms="132280">
    <groups>
      <group name="regression">
        <method signature="Projects.createProjWithOptionalFields(java.util.Map)[pri:0, instance:tests.Projects@2a266d09]" name="createProjWithOptionalFields" class="tests.Projects"/>
        <method signature="Projects.postTimeSpent(java.util.LinkedHashMap)[pri:0, instance:tests.Projects@2a266d09]" name="postTimeSpent" class="tests.Projects"/>
      </group> <!-- regression -->
      <group name="smoke">
        <method signature="Projects.createIssues(java.util.LinkedHashMap)[pri:0, instance:tests.Projects@2a266d09]" name="createIssues" class="tests.Projects"/>
        <method signature="Projects.createProjectWithName(java.lang.String)[pri:0, instance:tests.Projects@2a266d09]" name="createProjectWithName" class="tests.Projects"/>
      </group> <!-- smoke -->
    </groups>
    <test started-at="2026-03-10T10:31:15 IST" name="Test" finished-at="2026-03-10T10:33:27 IST" duration-ms="132280">
      <class name="tests.Projects">
        <test-method is-config="true" signature="commonSetup(org.testng.ITestContext)[pri:0, instance:tests.Projects@2a266d09]" started-at="2026-03-10T10:31:15 IST" name="commonSetup" finished-at="2026-03-10T10:31:30 IST" duration-ms="15613" status="PASS">
          <params>
            <param index="0">
              <value>
                <![CDATA[org.testng.TestRunner@2034b64c]]>
              </value>
            </param>
          </params>
          <reporter-output>
          </reporter-output>
        </test-method> <!-- commonSetup -->
        <test-method is-config="true" signature="setUp(org.testng.ITestContext)[pri:0, instance:tests.Projects@2a266d09]" started-at="2026-03-10T10:31:30 IST" name="setUp" finished-at="2026-03-10T10:31:31 IST" duration-ms="330" status="PASS">
          <params>
            <param index="0">
              <value>
                <![CDATA[org.testng.TestRunner@2034b64c]]>
              </value>
            </param>
          </params>
          <reporter-output>
          </reporter-output>
        </test-method> <!-- setUp -->
        <test-method signature="createIssues(java.util.LinkedHashMap)[pri:0, instance:tests.Projects@2a266d09]" started-at="2026-03-10T10:31:31 IST" name="createIssues" description="Create issues for a project" data-provider="CreateIssues" finished-at="2026-03-10T10:31:42 IST" duration-ms="11132" status="PASS">
          <params>
            <param index="0">
              <value>
                <![CDATA[{Tracker=Story, Subject=Ability to insert DocID in the footer of last page, Description=This feature will provide ability to insert DocID in the footer of last page of the document.
User can also add/remove/edit the inserted DocID, Status=Open, Priority=Medium, StartDate=05-03-2026}]]>
              </value>
            </param>
          </params>
          <reporter-output>
          </reporter-output>
        </test-method> <!-- createIssues -->
        <test-method is-config="true" signature="commonTearDown()[pri:0, instance:tests.Projects@2a266d09]" started-at="2026-03-10T10:31:42 IST" name="commonTearDown" finished-at="2026-03-10T10:31:43 IST" duration-ms="585" status="PASS">
          <reporter-output>
          </reporter-output>
        </test-method> <!-- commonTearDown -->
        <test-method is-config="true" signature="commonSetup(org.testng.ITestContext)[pri:0, instance:tests.Projects@2a266d09]" started-at="2026-03-10T10:31:43 IST" name="commonSetup" finished-at="2026-03-10T10:31:51 IST" duration-ms="8423" status="PASS">
          <params>
            <param index="0">
              <value>
                <![CDATA[org.testng.TestRunner@2034b64c]]>
              </value>
            </param>
          </params>
          <reporter-output>
          </reporter-output>
        </test-method> <!-- commonSetup -->
        <test-method is-config="true" signature="setUp(org.testng.ITestContext)[pri:0, instance:tests.Projects@2a266d09]" started-at="2026-03-10T10:31:51 IST" name="setUp" finished-at="2026-03-10T10:31:51 IST" duration-ms="350" status="PASS">
          <params>
            <param index="0">
              <value>
                <![CDATA[org.testng.TestRunner@2034b64c]]>
              </value>
            </param>
          </params>
          <reporter-output>
          </reporter-output>
        </test-method> <!-- setUp -->
        <test-method signature="createIssues(java.util.LinkedHashMap)[pri:0, instance:tests.Projects@2a266d09]" started-at="2026-03-10T10:31:51 IST" name="createIssues" description="Create issues for a project" data-provider="CreateIssues" finished-at="2026-03-10T10:31:56 IST" duration-ms="4516" status="PASS">
          <params>
            <param index="0">
              <value>
                <![CDATA[{Tracker=Story, Subject=Ability to insert DocID in the Header of last page, Status=Open, Priority=Low, EstimatedTime=5:00}]]>
              </value>
            </param>
          </params>
          <reporter-output>
          </reporter-output>
        </test-method> <!-- createIssues -->
        <test-method is-config="true" signature="commonTearDown()[pri:0, instance:tests.Projects@2a266d09]" started-at="2026-03-10T10:31:56 IST" name="commonTearDown" finished-at="2026-03-10T10:31:56 IST" duration-ms="434" status="PASS">
          <reporter-output>
          </reporter-output>
        </test-method> <!-- commonTearDown -->
        <test-method is-config="true" signature="commonSetup(org.testng.ITestContext)[pri:0, instance:tests.Projects@2a266d09]" started-at="2026-03-10T10:31:56 IST" name="commonSetup" finished-at="2026-03-10T10:32:05 IST" duration-ms="8698" status="PASS">
          <params>
            <param index="0">
              <value>
                <![CDATA[org.testng.TestRunner@2034b64c]]>
              </value>
            </param>
          </params>
          <reporter-output>
          </reporter-output>
        </test-method> <!-- commonSetup -->
        <test-method is-config="true" signature="setUp(org.testng.ITestContext)[pri:0, instance:tests.Projects@2a266d09]" started-at="2026-03-10T10:32:05 IST" name="setUp" finished-at="2026-03-10T10:32:05 IST" duration-ms="325" status="PASS">
          <params>
            <param index="0">
              <value>
                <![CDATA[org.testng.TestRunner@2034b64c]]>
              </value>
            </param>
          </params>
          <reporter-output>
          </reporter-output>
        </test-method> <!-- setUp -->
        <test-method signature="createProjWithOptionalFields(java.util.Map)[pri:0, instance:tests.Projects@2a266d09]" started-at="2026-03-10T10:32:05 IST" name="createProjWithOptionalFields" description="Create a project with optional fields" data-provider="ProjectDetailsWithOptionalFields" finished-at="2026-03-10T10:32:08 IST" duration-ms="2761" status="PASS">
          <params>
            <param index="0">
              <value>
                <![CDATA[{Project Name=Vendors, Sub Project Of=DocID, Mark Public=true, Description=Vendors Records}]]>
              </value>
            </param>
          </params>
          <reporter-output>
          </reporter-output>
        </test-method> <!-- createProjWithOptionalFields -->
        <test-method is-config="true" signature="commonTearDown()[pri:0, instance:tests.Projects@2a266d09]" started-at="2026-03-10T10:32:08 IST" name="commonTearDown" finished-at="2026-03-10T10:32:09 IST" duration-ms="466" status="PASS">
          <reporter-output>
          </reporter-output>
        </test-method> <!-- commonTearDown -->
        <test-method is-config="true" signature="commonSetup(org.testng.ITestContext)[pri:0, instance:tests.Projects@2a266d09]" started-at="2026-03-10T10:32:09 IST" name="commonSetup" finished-at="2026-03-10T10:32:17 IST" duration-ms="8530" status="PASS">
          <params>
            <param index="0">
              <value>
                <![CDATA[org.testng.TestRunner@2034b64c]]>
              </value>
            </param>
          </params>
          <reporter-output>
          </reporter-output>
        </test-method> <!-- commonSetup -->
        <test-method is-config="true" signature="setUp(org.testng.ITestContext)[pri:0, instance:tests.Projects@2a266d09]" started-at="2026-03-10T10:32:17 IST" name="setUp" finished-at="2026-03-10T10:32:17 IST" duration-ms="360" status="PASS">
          <params>
            <param index="0">
              <value>
                <![CDATA[org.testng.TestRunner@2034b64c]]>
              </value>
            </param>
          </params>
          <reporter-output>
          </reporter-output>
        </test-method> <!-- setUp -->
        <test-method signature="createProjWithOptionalFields(java.util.Map)[pri:0, instance:tests.Projects@2a266d09]" started-at="2026-03-10T10:32:17 IST" name="createProjWithOptionalFields" description="Create a project with optional fields" data-provider="ProjectDetailsWithOptionalFields" finished-at="2026-03-10T10:32:20 IST" duration-ms="2314" status="PASS">
          <params>
            <param index="0">
              <value>
                <![CDATA[{Project Name=Accounts, Sub Project Of=DocID1, Mark Public=false, Description=Accounts Records, Identifier=acc}]]>
              </value>
            </param>
          </params>
          <reporter-output>
            <line>
              <![CDATA[Project Name is invalid: DocID1]]>
            </line>
            <line>
              <![CDATA[As this is an optional field, continuing with the Project creation assuming this as bad data]]>
            </line>
          </reporter-output>
        </test-method> <!-- createProjWithOptionalFields -->
        <test-method is-config="true" signature="commonTearDown()[pri:0, instance:tests.Projects@2a266d09]" started-at="2026-03-10T10:32:20 IST" name="commonTearDown" finished-at="2026-03-10T10:32:20 IST" duration-ms="279" status="PASS">
          <reporter-output>
          </reporter-output>
        </test-method> <!-- commonTearDown -->
        <test-method is-config="true" signature="commonSetup(org.testng.ITestContext)[pri:0, instance:tests.Projects@2a266d09]" started-at="2026-03-10T10:32:20 IST" name="commonSetup" finished-at="2026-03-10T10:32:29 IST" duration-ms="9052" status="PASS">
          <params>
            <param index="0">
              <value>
                <![CDATA[org.testng.TestRunner@2034b64c]]>
              </value>
            </param>
          </params>
          <reporter-output>
          </reporter-output>
        </test-method> <!-- commonSetup -->
        <test-method is-config="true" signature="setUp(org.testng.ITestContext)[pri:0, instance:tests.Projects@2a266d09]" started-at="2026-03-10T10:32:29 IST" name="setUp" finished-at="2026-03-10T10:32:29 IST" duration-ms="349" status="PASS">
          <params>
            <param index="0">
              <value>
                <![CDATA[org.testng.TestRunner@2034b64c]]>
              </value>
            </param>
          </params>
          <reporter-output>
          </reporter-output>
        </test-method> <!-- setUp -->
        <test-method signature="createProjectWithName(java.lang.String)[pri:0, instance:tests.Projects@2a266d09]" started-at="2026-03-10T10:32:29 IST" name="createProjectWithName" description="Create a project with only name field" data-provider="ProjectNames" finished-at="2026-03-10T10:32:31 IST" duration-ms="1939" status="PASS">
          <params>
            <param index="0">
              <value>
                <![CDATA[Assets]]>
              </value>
            </param>
          </params>
          <reporter-output>
          </reporter-output>
        </test-method> <!-- createProjectWithName -->
        <test-method is-config="true" signature="commonTearDown()[pri:0, instance:tests.Projects@2a266d09]" started-at="2026-03-10T10:32:31 IST" name="commonTearDown" finished-at="2026-03-10T10:32:32 IST" duration-ms="476" status="PASS">
          <reporter-output>
          </reporter-output>
        </test-method> <!-- commonTearDown -->
        <test-method is-config="true" signature="commonSetup(org.testng.ITestContext)[pri:0, instance:tests.Projects@2a266d09]" started-at="2026-03-10T10:32:32 IST" name="commonSetup" finished-at="2026-03-10T10:32:41 IST" duration-ms="9146" status="PASS">
          <params>
            <param index="0">
              <value>
                <![CDATA[org.testng.TestRunner@2034b64c]]>
              </value>
            </param>
          </params>
          <reporter-output>
          </reporter-output>
        </test-method> <!-- commonSetup -->
        <test-method is-config="true" signature="setUp(org.testng.ITestContext)[pri:0, instance:tests.Projects@2a266d09]" started-at="2026-03-10T10:32:41 IST" name="setUp" finished-at="2026-03-10T10:32:41 IST" duration-ms="383" status="PASS">
          <params>
            <param index="0">
              <value>
                <![CDATA[org.testng.TestRunner@2034b64c]]>
              </value>
            </param>
          </params>
          <reporter-output>
          </reporter-output>
        </test-method> <!-- setUp -->
        <test-method signature="createProjectWithName(java.lang.String)[pri:0, instance:tests.Projects@2a266d09]" started-at="2026-03-10T10:32:41 IST" name="createProjectWithName" description="Create a project with only name field" data-provider="ProjectNames" finished-at="2026-03-10T10:32:43 IST" duration-ms="1979" status="PASS">
          <params>
            <param index="0">
              <value>
                <![CDATA[Fuel Records]]>
              </value>
            </param>
          </params>
          <reporter-output>
          </reporter-output>
        </test-method> <!-- createProjectWithName -->
        <test-method is-config="true" signature="commonTearDown()[pri:0, instance:tests.Projects@2a266d09]" started-at="2026-03-10T10:32:43 IST" name="commonTearDown" finished-at="2026-03-10T10:32:44 IST" duration-ms="265" status="PASS">
          <reporter-output>
          </reporter-output>
        </test-method> <!-- commonTearDown -->
        <test-method is-config="true" signature="commonSetup(org.testng.ITestContext)[pri:0, instance:tests.Projects@2a266d09]" started-at="2026-03-10T10:32:44 IST" name="commonSetup" finished-at="2026-03-10T10:32:53 IST" duration-ms="9267" status="PASS">
          <params>
            <param index="0">
              <value>
                <![CDATA[org.testng.TestRunner@2034b64c]]>
              </value>
            </param>
          </params>
          <reporter-output>
          </reporter-output>
        </test-method> <!-- commonSetup -->
        <test-method is-config="true" signature="setUp(org.testng.ITestContext)[pri:0, instance:tests.Projects@2a266d09]" started-at="2026-03-10T10:32:53 IST" name="setUp" finished-at="2026-03-10T10:32:53 IST" duration-ms="387" status="PASS">
          <params>
            <param index="0">
              <value>
                <![CDATA[org.testng.TestRunner@2034b64c]]>
              </value>
            </param>
          </params>
          <reporter-output>
          </reporter-output>
        </test-method> <!-- setUp -->
        <test-method signature="postTimeSpent(java.util.LinkedHashMap)[pri:0, instance:tests.Projects@2a266d09]" started-at="2026-03-10T10:32:53 IST" name="postTimeSpent" description="Post time spent for an issue" data-provider="PostSpentTime" finished-at="2026-03-10T10:32:59 IST" duration-ms="5278" status="PASS">
          <params>
            <param index="0">
              <value>
                <![CDATA[{Issue=Support Edit Time field for DocID, User=Bhavik Vaghela, Date=19-03-2026, Hours=11:00, Comment=worked on Edit Time field creation in DocID construct, Activity=In Dev}]]>
              </value>
            </param>
          </params>
          <reporter-output>
          </reporter-output>
        </test-method> <!-- postTimeSpent -->
        <test-method is-config="true" signature="commonTearDown()[pri:0, instance:tests.Projects@2a266d09]" started-at="2026-03-10T10:32:59 IST" name="commonTearDown" finished-at="2026-03-10T10:32:59 IST" duration-ms="378" status="PASS">
          <reporter-output>
          </reporter-output>
        </test-method> <!-- commonTearDown -->
        <test-method is-config="true" signature="commonSetup(org.testng.ITestContext)[pri:0, instance:tests.Projects@2a266d09]" started-at="2026-03-10T10:32:59 IST" name="commonSetup" finished-at="2026-03-10T10:33:07 IST" duration-ms="8157" status="PASS">
          <params>
            <param index="0">
              <value>
                <![CDATA[org.testng.TestRunner@2034b64c]]>
              </value>
            </param>
          </params>
          <reporter-output>
          </reporter-output>
        </test-method> <!-- commonSetup -->
        <test-method is-config="true" signature="setUp(org.testng.ITestContext)[pri:0, instance:tests.Projects@2a266d09]" started-at="2026-03-10T10:33:07 IST" name="setUp" finished-at="2026-03-10T10:33:07 IST" duration-ms="332" status="PASS">
          <params>
            <param index="0">
              <value>
                <![CDATA[org.testng.TestRunner@2034b64c]]>
              </value>
            </param>
          </params>
          <reporter-output>
          </reporter-output>
        </test-method> <!-- setUp -->
        <test-method signature="postTimeSpent(java.util.LinkedHashMap)[pri:0, instance:tests.Projects@2a266d09]" started-at="2026-03-10T10:33:07 IST" name="postTimeSpent" description="Post time spent for an issue" data-provider="PostSpentTime" finished-at="2026-03-10T10:33:12 IST" duration-ms="4929" status="PASS">
          <params>
            <param index="0">
              <value>
                <![CDATA[{Issue=Support Edit Time field for DocID, User=Bhavik Vaghela, Date=20-03-2026, Hours=1:00, Activity=In Dev}]]>
              </value>
            </param>
          </params>
          <reporter-output>
          </reporter-output>
        </test-method> <!-- postTimeSpent -->
        <test-method is-config="true" signature="commonTearDown()[pri:0, instance:tests.Projects@2a266d09]" started-at="2026-03-10T10:33:12 IST" name="commonTearDown" finished-at="2026-03-10T10:33:13 IST" duration-ms="300" status="PASS">
          <reporter-output>
          </reporter-output>
        </test-method> <!-- commonTearDown -->
        <test-method is-config="true" signature="commonSetup(org.testng.ITestContext)[pri:0, instance:tests.Projects@2a266d09]" started-at="2026-03-10T10:33:13 IST" name="commonSetup" finished-at="2026-03-10T10:33:22 IST" duration-ms="9397" status="PASS">
          <params>
            <param index="0">
              <value>
                <![CDATA[org.testng.TestRunner@2034b64c]]>
              </value>
            </param>
          </params>
          <reporter-output>
          </reporter-output>
        </test-method> <!-- commonSetup -->
        <test-method is-config="true" signature="setUp(org.testng.ITestContext)[pri:0, instance:tests.Projects@2a266d09]" started-at="2026-03-10T10:33:22 IST" name="setUp" finished-at="2026-03-10T10:33:22 IST" duration-ms="343" status="PASS">
          <params>
            <param index="0">
              <value>
                <![CDATA[org.testng.TestRunner@2034b64c]]>
              </value>
            </param>
          </params>
          <reporter-output>
          </reporter-output>
        </test-method> <!-- setUp -->
        <test-method signature="postTimeSpent(java.util.LinkedHashMap)[pri:0, instance:tests.Projects@2a266d09]" started-at="2026-03-10T10:33:22 IST" name="postTimeSpent" description="Post time spent for an issue" data-provider="PostSpentTime" finished-at="2026-03-10T10:33:27 IST" duration-ms="4345" status="PASS">
          <params>
            <param index="0">
              <value>
                <![CDATA[{Issue=Support Edit Time field for DocID, User=Bhavik Vaghela, Date=21-03-2026, Hours=2:00, Activity=Dev Review}]]>
              </value>
            </param>
          </params>
          <reporter-output>
          </reporter-output>
        </test-method> <!-- postTimeSpent -->
        <test-method is-config="true" signature="commonTearDown()[pri:0, instance:tests.Projects@2a266d09]" started-at="2026-03-10T10:33:27 IST" name="commonTearDown" finished-at="2026-03-10T10:33:27 IST" duration-ms="297" status="PASS">
          <reporter-output>
          </reporter-output>
        </test-method> <!-- commonTearDown -->
      </class> <!-- tests.Projects -->
    </test> <!-- Test -->
  </suite> <!-- Suite -->
</testng-results>
