<?xml version="1.0" encoding="UTF-8"?>
<!-- Generated by org.testng.reporters.JUnitReportReporter -->
<testsuite hostname="DESKTOP-IEAQH0E" failures="0" tests="2" name="tests.Projects" time="25.939" errors="0" timestamp="2026-02-05T11:49:29 IST" skipped="0">
  <testcase classname="tests.Projects" name="createProjWithOptionalFields" time="12.696"/>
  <testcase classname="tests.Projects" name="createProjWithOptionalFields" time="13.243">
    <system-out>
      <![CDATA[Project Name is invalid: DocID1
As this is an optional field, continuing with the Project creation assuming this as bad data]]>
    </system-out>
  </testcase> <!-- createProjWithOptionalFields -->
  <system-out>
    <![CDATA[Project Name is invalid: DocID1
As this is an optional field, continuing with the Project creation assuming this as bad data]]>
  </system-out>
</testsuite> <!-- tests.Projects -->
