<?xml version="1.0" encoding="UTF-8"?>
<!-- Generated by org.testng.reporters.JUnitReportReporter -->
<testsuite hostname="DESKTOP-IEAQH0E" failures="0" tests="9" name="tests.Projects" time="122.573" errors="0" timestamp="2026-02-28T16:49:56 IST" skipped="0">
  <testcase classname="tests.Projects" name="postTimeSpent" time="12.475"/>
  <testcase classname="tests.Projects" name="createProjectWithName" time="10.295"/>
  <testcase classname="tests.Projects" name="createProjWithOptionalFields" time="12.065">
    <system-out>
      <![CDATA[Project Name is invalid: DocID1
As this is an optional field, continuing with the Project creation assuming this as bad data]]>
    </system-out>
  </testcase> <!-- createProjWithOptionalFields -->
  <testcase classname="tests.Projects" name="createProjectWithName" time="10.192"/>
  <testcase classname="tests.Projects" name="createIssues" time="12.838"/>
  <testcase classname="tests.Projects" name="postTimeSpent" time="13.736"/>
  <testcase classname="tests.Projects" name="postTimeSpent" time="17.097"/>
  <testcase classname="tests.Projects" name="createIssues" time="22.370"/>
  <testcase classname="tests.Projects" name="createProjWithOptionalFields" time="11.505"/>
  <system-out>
    <![CDATA[Project Name is invalid: DocID1
As this is an optional field, continuing with the Project creation assuming this as bad data]]>
  </system-out>
</testsuite> <!-- tests.Projects -->
